[03/25/26 21:57:04] INFO                                                        
                             ╔══════════════════════════════════════════════════
                             ╗                                                  
                             ║  EPSS-Augmented CVE Prioritization Pipeline     ║
                             ╚══════════════════════════════════════════════════
                             ╝                                                  
                             Image: alpine:3.19                                 
                                                                                
                    INFO     ═══ Step 1/4: Scanning Image ═══                   
                    INFO     ✓ Trivy found at:                                  
                             /home/anuruprkris/.local/bin/trivy                 
                    INFO     🔍 Scanning image: alpine:3.19                     
[03/25/26 21:57:07] INFO     ✓ Scan complete: 6 vulnerabilities found (C:0 H:0) 
                    INFO     ═══ Step 2/4: EPSS Enrichment ═══                  
                    INFO     📡 Fetching EPSS scores: 6 CVEs (0 cached)         
                    INFO     ✓ EPSS scores retrieved: 2 total (0 cached, 2 from 
                             API)                                               
                    INFO     ═══ Step 3/4: Composite Scoring ═══                
                    INFO     ═══ Step 4/4: Ranking & Packaging ═══              
                    INFO     ✓ Pipeline complete! 6 CVEs scored and ranked      
                    INFO       Composite severity breakdown: {'MEDIUM': 3,      
                             'LOW': 3}                                          
                    INFO       Alert fatigue reduction: 0.0%                    
                    INFO     📄 JSON report saved:                              
                             /home/anuruprkris/Project/EPSS/phase1_demo_reports/
                             epss_report_alpine_3.19_20260325_215707.json       
  📄 JSON: 
/home/anuruprkris/Project/EPSS/phase1_demo_reports/epss_report_alpine_3.19_20260
325_215707.json
                                                                                
                      🏆 Top 5 Prioritized Vulnerabilities                      
┏━━┳━━━━━━━━━━━━━━━━┳━━━━━━━━┳━━━━━━━━┳━━━━┳━━━━━━┳━━━━━━━━━━━━━━━━━━┳━━━━━━━━━┓
┃  ┃                ┃        ┃        ┃    ┃      ┃                  ┃ Fix     ┃
┃  ┃ CVE ID         ┃ Compo… ┃ Sever… ┃ C… ┃ EPSS ┃ Package          ┃ Availa… ┃
┡━━╇━━━━━━━━━━━━━━━━╇━━━━━━━━╇━━━━━━━━╇━━━━╇━━━━━━╇━━━━━━━━━━━━━━━━━━╇━━━━━━━━━┩
│  │ CVE-2024-58251 │ 0.4003 │ MEDIUM │ 5… │ 0.0… │ busybox          │ ✓       │
│  │                │        │        │    │      │                  │ 1.36.1… │
│  │ CVE-2024-58251 │ 0.4003 │ MEDIUM │ 5… │ 0.0… │ busybox-binsh    │ ✓       │
│  │                │        │        │    │      │                  │ 1.36.1… │
│  │ CVE-2024-58251 │ 0.4003 │ MEDIUM │ 5… │ 0.0… │ ssl_client       │ ✓       │
│  │                │        │        │    │      │                  │ 1.36.1… │
│  │ CVE-2025-46394 │ 0.3323 │ LOW    │ 3… │ 0.0… │ busybox          │ ✓       │
│  │                │        │        │    │      │                  │ 1.36.1… │
│  │ CVE-2025-46394 │ 0.3323 │ LOW    │ 3… │ 0.0… │ busybox-binsh    │ ✓       │
│  │                │        │        │    │      │                  │ 1.36.1… │
└──┴────────────────┴────────┴────────┴────┴──────┴──────────────────┴─────────┘
╭───────────────────────────────── 📊 Summary ─────────────────────────────────╮
│ Total CVEs: 6                                                                │
│ Severity: {'MEDIUM': 3, 'LOW': 3}                                            │
│ Alert Reduction: 0.0% (CVSS critical/high: 0 → Composite critical/high: 0)   │
╰──────────────────────────────────────────────────────────────────────────────╯
