[03/25/26 21:58:42] INFO                                                        
                             ╔══════════════════════════════════════════════════
                             ╗                                                  
                             ║  EPSS-Augmented CVE Prioritization Pipeline     ║
                             ╚══════════════════════════════════════════════════
                             ╝                                                  
                             Image: debian:12                                   
                                                                                
                    INFO     ═══ Step 1/4: Scanning Image ═══                   
                    INFO     ✓ Trivy found at:                                  
                             /home/anuruprkris/.local/bin/trivy                 
                    INFO     🔍 Scanning image: debian:12                       
[03/25/26 21:58:45] INFO     ✓ Scan complete: 95 vulnerabilities found (C:1 H:2)
                    INFO     ═══ Step 2/4: EPSS Enrichment ═══                  
                    INFO     📡 Fetching EPSS scores: 95 CVEs (0 cached)        
                    INFO     ✓ EPSS scores retrieved: 46 total (0 cached, 46    
                             from API)                                          
                    INFO     ═══ Step 3/4: Composite Scoring ═══                
                    INFO     ═══ Step 4/4: Ranking & Packaging ═══              
                    INFO     ✓ Pipeline complete! 95 CVEs scored and ranked     
                    INFO       Composite severity breakdown: {'MEDIUM': 56,     
                             'LOW': 39}                                         
                    INFO       Alert fatigue reduction: 100.0%                  
                    INFO     📄 JSON report saved:                              
                             /home/anuruprkris/Project/EPSS/phase1_demo_reports/
                             epss_report_debian_12_20260325_215845.json         
  📄 JSON: 
/home/anuruprkris/Project/EPSS/phase1_demo_reports/epss_report_debian_12_2026032
5_215845.json
                                                                                
                      🏆 Top 5 Prioritized Vulnerabilities                      
┏━━┳━━━━━━━━━━━━━━━━┳━━━━━━━━┳━━━━━━━━┳━━━━┳━━━━━━┳━━━━━━━━━━━━━━━━━━┳━━━━━━━━━┓
┃  ┃                ┃        ┃        ┃    ┃      ┃                  ┃ Fix     ┃
┃  ┃ CVE ID         ┃ Compo… ┃ Sever… ┃ C… ┃ EPSS ┃ Package          ┃ Availa… ┃
┡━━╇━━━━━━━━━━━━━━━━╇━━━━━━━━╇━━━━━━━━╇━━━━╇━━━━━━╇━━━━━━━━━━━━━━━━━━╇━━━━━━━━━┩
│  │ CVE-2023-45853 │ 0.5973 │ MEDIUM │ 9… │ 0.0… │ zlib1g           │ ✗ No    │
│  │                │        │        │    │      │                  │ fix     │
│  │ CVE-2019-1010… │ 0.5925 │ MEDIUM │ 9… │ 0.0… │ libc-bin         │ ✗ No    │
│  │                │        │        │    │      │                  │ fix     │
│  │ CVE-2019-1010… │ 0.5925 │ MEDIUM │ 9… │ 0.0… │ libc6            │ ✗ No    │
│  │                │        │        │    │      │                  │ fix     │
│  │ CVE-2019-1010… │ 0.5533 │ MEDIUM │ 8… │ 0.0… │ libc-bin         │ ✗ No    │
│  │                │        │        │    │      │                  │ fix     │
│  │ CVE-2019-1010… │ 0.5533 │ MEDIUM │ 8… │ 0.0… │ libc6            │ ✗ No    │
│  │                │        │        │    │      │                  │ fix     │
└──┴────────────────┴────────┴────────┴────┴──────┴──────────────────┴─────────┘
╭───────────────────────────────── 📊 Summary ─────────────────────────────────╮
│ Total CVEs: 95                                                               │
│ Severity: {'MEDIUM': 56, 'LOW': 39}                                          │
│ Alert Reduction: 100.0% (CVSS critical/high: 3 → Composite critical/high: 0) │
╰──────────────────────────────────────────────────────────────────────────────╯
