[03/25/26 21:57:52] INFO                                                        
                             ╔══════════════════════════════════════════════════
                             ╗                                                  
                             ║  EPSS-Augmented CVE Prioritization Pipeline     ║
                             ╚══════════════════════════════════════════════════
                             ╝                                                  
                             Image: debian:11                                   
                                                                                
                    INFO     ═══ Step 1/4: Scanning Image ═══                   
                    INFO     ✓ Trivy found at:                                  
                             /home/anuruprkris/.local/bin/trivy                 
                    INFO     🔍 Scanning image: debian:11                       
[03/25/26 21:58:39] INFO     ✓ Scan complete: 126 vulnerabilities found (C:2    
                             H:5)                                               
                    INFO     ═══ Step 2/4: EPSS Enrichment ═══                  
                    INFO     📡 Fetching EPSS scores: 126 CVEs (0 cached)       
[03/25/26 21:58:42] INFO     ✓ EPSS scores retrieved: 65 total (0 cached, 65    
                             from API)                                          
                    INFO     ═══ Step 3/4: Composite Scoring ═══                
                    INFO     ═══ Step 4/4: Ranking & Packaging ═══              
                    INFO     ✓ Pipeline complete! 126 CVEs scored and ranked    
                    INFO       Composite severity breakdown: {'HIGH': 1,        
                             'MEDIUM': 79, 'LOW': 46}                           
                    INFO       Alert fatigue reduction: 85.7%                   
                    INFO     📄 JSON report saved:                              
                             /home/anuruprkris/Project/EPSS/phase1_demo_reports/
                             epss_report_debian_11_20260325_215842.json         
  📄 JSON: 
/home/anuruprkris/Project/EPSS/phase1_demo_reports/epss_report_debian_11_2026032
5_215842.json
                                                                                
                      🏆 Top 5 Prioritized Vulnerabilities                      
┏━━┳━━━━━━━━━━━━━━━━┳━━━━━━━━┳━━━━━━━━┳━━━━┳━━━━━━┳━━━━━━━━━━━━━━━━━━┳━━━━━━━━━┓
┃  ┃                ┃        ┃        ┃    ┃      ┃                  ┃ Fix     ┃
┃  ┃ CVE ID         ┃ Compo… ┃ Sever… ┃ C… ┃ EPSS ┃ Package          ┃ Availa… ┃
┡━━╇━━━━━━━━━━━━━━━━╇━━━━━━━━╇━━━━━━━━╇━━━━╇━━━━━━╇━━━━━━━━━━━━━━━━━━╇━━━━━━━━━┩
│  │ CVE-2019-8457  │ 0.6991 │ HIGH   │ 9… │ 0.2… │ libdb5.3         │ ✗ No    │
│  │                │        │        │    │      │                  │ fix     │
│  │ CVE-2023-45853 │ 0.5973 │ MEDIUM │ 9… │ 0.0… │ zlib1g           │ ✗ No    │
│  │                │        │        │    │      │                  │ fix     │
│  │ CVE-2019-1010… │ 0.5925 │ MEDIUM │ 9… │ 0.0… │ libc-bin         │ ✗ No    │
│  │                │        │        │    │      │                  │ fix     │
│  │ CVE-2019-1010… │ 0.5925 │ MEDIUM │ 9… │ 0.0… │ libc6            │ ✗ No    │
│  │                │        │        │    │      │                  │ fix     │
│  │ CVE-2019-1010… │ 0.5533 │ MEDIUM │ 8… │ 0.0… │ libc-bin         │ ✗ No    │
│  │                │        │        │    │      │                  │ fix     │
└──┴────────────────┴────────┴────────┴────┴──────┴──────────────────┴─────────┘
╭───────────────────────────────── 📊 Summary ─────────────────────────────────╮
│ Total CVEs: 126                                                              │
│ Severity: {'HIGH': 1, 'MEDIUM': 79, 'LOW': 46}                               │
│ Alert Reduction: 85.7% (CVSS critical/high: 7 → Composite critical/high: 1)  │
╰──────────────────────────────────────────────────────────────────────────────╯
