[03/25/26 21:58:46] INFO                                                        
                             ╔══════════════════════════════════════════════════
                             ╗                                                  
                             ║  EPSS-Augmented CVE Prioritization Pipeline     ║
                             ╚══════════════════════════════════════════════════
                             ╝                                                  
                             Image: nginx:1.27-alpine                           
                                                                                
                    INFO     ═══ Step 1/4: Scanning Image ═══                   
                    INFO     ✓ Trivy found at:                                  
                             /home/anuruprkris/.local/bin/trivy                 
                    INFO     🔍 Scanning image: nginx:1.27-alpine               
[03/25/26 21:59:03] INFO     ✓ Scan complete: 66 vulnerabilities found (C:5     
                             H:15)                                              
                    INFO     ═══ Step 2/4: EPSS Enrichment ═══                  
                    INFO     📡 Fetching EPSS scores: 66 CVEs (0 cached)        
                    INFO     ✓ EPSS scores retrieved: 44 total (0 cached, 44    
                             from API)                                          
                    INFO     ═══ Step 3/4: Composite Scoring ═══                
                    INFO     ═══ Step 4/4: Ranking & Packaging ═══              
                    INFO     ✓ Pipeline complete! 66 CVEs scored and ranked     
                    INFO       Composite severity breakdown: {'MEDIUM': 46,     
                             'LOW': 20}                                         
                    INFO       Alert fatigue reduction: 100.0%                  
                    INFO     📄 JSON report saved:                              
                             /home/anuruprkris/Project/EPSS/phase1_demo_reports/
                             epss_report_nginx_1.27-alpine_20260325_215903.json 
  📄 JSON: 
/home/anuruprkris/Project/EPSS/phase1_demo_reports/epss_report_nginx_1.27-alpine
_20260325_215903.json
                                                                                
                      🏆 Top 5 Prioritized Vulnerabilities                      
┏━━┳━━━━━━━━━━━━━━━━┳━━━━━━━━┳━━━━━━━━┳━━━━┳━━━━━━┳━━━━━━━━━━━━━━━━━━┳━━━━━━━━━┓
┃  ┃                ┃        ┃        ┃    ┃      ┃                  ┃ Fix     ┃
┃  ┃ CVE ID         ┃ Compo… ┃ Sever… ┃ C… ┃ EPSS ┃ Package          ┃ Availa… ┃
┡━━╇━━━━━━━━━━━━━━━━╇━━━━━━━━╇━━━━━━━━╇━━━━╇━━━━━━╇━━━━━━━━━━━━━━━━━━╇━━━━━━━━━┩
│  │ CVE-2025-15467 │ 0.5953 │ MEDIUM │ 9… │ 0.0… │ libcrypto3       │ ✓       │
│  │                │        │        │    │      │                  │ 3.3.6-… │
│  │ CVE-2025-15467 │ 0.5953 │ MEDIUM │ 9… │ 0.0… │ libssl3          │ ✓       │
│  │                │        │        │    │      │                  │ 3.3.6-… │
│  │ CVE-2026-32767 │ 0.5921 │ MEDIUM │ 9… │ 0.0… │ libexpat         │ ✓       │
│  │                │        │        │    │      │                  │ 2.7.5-… │
│  │ CVE-2025-49796 │ 0.5660 │ MEDIUM │ 9… │ 0.0… │ libxml2          │ ✓       │
│  │                │        │        │    │      │                  │ 2.13.9… │
│  │ CVE-2025-49794 │ 0.5645 │ MEDIUM │ 9… │ 0.0… │ libxml2          │ ✓       │
│  │                │        │        │    │      │                  │ 2.13.9… │
└──┴────────────────┴────────┴────────┴────┴──────┴──────────────────┴─────────┘
╭───────────────────────────────── 📊 Summary ─────────────────────────────────╮
│ Total CVEs: 66                                                               │
│ Severity: {'MEDIUM': 46, 'LOW': 20}                                          │
│ Alert Reduction: 100.0% (CVSS critical/high: 20 → Composite critical/high:   │
│ 0)                                                                           │
╰──────────────────────────────────────────────────────────────────────────────╯
