[03/25/26 21:59:24] INFO                                                        
                             ╔══════════════════════════════════════════════════
                             ╗                                                  
                             ║  EPSS-Augmented CVE Prioritization Pipeline     ║
                             ╚══════════════════════════════════════════════════
                             ╝                                                  
                             Image: node:20-alpine                              
                                                                                
                    INFO     ═══ Step 1/4: Scanning Image ═══                   
                    INFO     ✓ Trivy found at:                                  
                             /home/anuruprkris/.local/bin/trivy                 
                    INFO     🔍 Scanning image: node:20-alpine                  
[03/25/26 22:00:11] INFO     ✓ Scan complete: 15 vulnerabilities found (C:0     
                             H:12)                                              
                    INFO     ═══ Step 2/4: EPSS Enrichment ═══                  
                    INFO     📡 Fetching EPSS scores: 15 CVEs (0 cached)        
[03/25/26 22:00:12] INFO     ✓ EPSS scores retrieved: 15 total (0 cached, 15    
                             from API)                                          
                    INFO     ═══ Step 3/4: Composite Scoring ═══                
                    INFO     ═══ Step 4/4: Ranking & Packaging ═══              
                    INFO     ✓ Pipeline complete! 15 CVEs scored and ranked     
                    INFO       Composite severity breakdown: {'MEDIUM': 14,     
                             'LOW': 1}                                          
                    INFO       Alert fatigue reduction: 100.0%                  
                    INFO     📄 JSON report saved:                              
                             /home/anuruprkris/Project/EPSS/phase1_demo_reports/
                             epss_report_node_20-alpine_20260325_220012.json    
  📄 JSON: 
/home/anuruprkris/Project/EPSS/phase1_demo_reports/epss_report_node_20-alpine_20
260325_220012.json
                                                                                
                      🏆 Top 5 Prioritized Vulnerabilities                      
┏━━┳━━━━━━━━━━━━━━━━┳━━━━━━━━┳━━━━━━━━┳━━━━┳━━━━━━┳━━━━━━━━━━━━━━━━━━┳━━━━━━━━━┓
┃  ┃                ┃        ┃        ┃    ┃      ┃                  ┃ Fix     ┃
┃  ┃ CVE ID         ┃ Compo… ┃ Sever… ┃ C… ┃ EPSS ┃ Package          ┃ Availa… ┃
┡━━╇━━━━━━━━━━━━━━━━╇━━━━━━━━╇━━━━━━━━╇━━━━╇━━━━━━╇━━━━━━━━━━━━━━━━━━╇━━━━━━━━━┩
│  │ CVE-2026-23950 │ 0.5520 │ MEDIUM │ 8… │ 0.0… │ tar              │ ✓ 7.5.4 │
│  │ CVE-2026-24842 │ 0.5281 │ MEDIUM │ 8… │ 0.0… │ tar              │ ✓ 7.5.7 │
│  │ CVE-2026-22184 │ 0.5121 │ MEDIUM │ 7… │ 0.0… │ zlib             │ ✓       │
│  │                │        │        │    │      │                  │ 1.3.2-… │
│  │ CVE-2024-21538 │ 0.5003 │ MEDIUM │ 7… │ 0.0… │ cross-spawn      │ ✓       │
│  │                │        │        │    │      │                  │ 7.0.5,  │
│  │                │        │        │    │      │                  │ 6.0.6   │
│  │ CVE-2025-64756 │ 0.5002 │ MEDIUM │ 7… │ 0.0… │ glob             │ ✓       │
│  │                │        │        │    │      │                  │ 11.1.0, │
│  │                │        │        │    │      │                  │ 10.5.0  │
└──┴────────────────┴────────┴────────┴────┴──────┴──────────────────┴─────────┘
╭───────────────────────────────── 📊 Summary ─────────────────────────────────╮
│ Total CVEs: 15                                                               │
│ Severity: {'MEDIUM': 14, 'LOW': 1}                                           │
│ Alert Reduction: 100.0% (CVSS critical/high: 12 → Composite critical/high:   │
│ 0)                                                                           │
╰──────────────────────────────────────────────────────────────────────────────╯
