[03/25/26 21:59:04] INFO                                                        
                             ╔══════════════════════════════════════════════════
                             ╗                                                  
                             ║  EPSS-Augmented CVE Prioritization Pipeline     ║
                             ╚══════════════════════════════════════════════════
                             ╝                                                  
                             Image: python:3.11-alpine                          
                                                                                
                    INFO     ═══ Step 1/4: Scanning Image ═══                   
                    INFO     ✓ Trivy found at:                                  
                             /home/anuruprkris/.local/bin/trivy                 
                    INFO     🔍 Scanning image: python:3.11-alpine              
[03/25/26 21:59:23] INFO     ✓ Scan complete: 6 vulnerabilities found (C:0 H:3) 
                    INFO     ═══ Step 2/4: EPSS Enrichment ═══                  
                    INFO     📡 Fetching EPSS scores: 6 CVEs (0 cached)         
                    INFO     ✓ EPSS scores retrieved: 6 total (0 cached, 6 from 
                             API)                                               
                    INFO     ═══ Step 3/4: Composite Scoring ═══                
                    INFO     ═══ Step 4/4: Ranking & Packaging ═══              
                    INFO     ✓ Pipeline complete! 6 CVEs scored and ranked      
                    INFO       Composite severity breakdown: {'MEDIUM': 5,      
                             'LOW': 1}                                          
                    INFO       Alert fatigue reduction: 100.0%                  
                    INFO     📄 JSON report saved:                              
                             /home/anuruprkris/Project/EPSS/phase1_demo_reports/
                             epss_report_python_3.11-alpine_20260325_215923.json
  📄 JSON: 
/home/anuruprkris/Project/EPSS/phase1_demo_reports/epss_report_python_3.11-alpin
e_20260325_215923.json
                                                                                
                      🏆 Top 5 Prioritized Vulnerabilities                      
┏━━┳━━━━━━━━━━━━━━━━┳━━━━━━━━┳━━━━━━━━┳━━━━┳━━━━━━┳━━━━━━━━━━━━━━━━━━┳━━━━━━━━━┓
┃  ┃                ┃        ┃        ┃    ┃      ┃                  ┃ Fix     ┃
┃  ┃ CVE ID         ┃ Compo… ┃ Sever… ┃ C… ┃ EPSS ┃ Package          ┃ Availa… ┃
┡━━╇━━━━━━━━━━━━━━━━╇━━━━━━━━╇━━━━━━━━╇━━━━╇━━━━━━╇━━━━━━━━━━━━━━━━━━╇━━━━━━━━━┩
│  │ CVE-2026-23949 │ 0.5443 │ MEDIUM │ 8… │ 0.0… │ jaraco.context   │ ✓ 6.1.0 │
│  │ CVE-2026-22184 │ 0.5121 │ MEDIUM │ 7… │ 0.0… │ zlib             │ ✓       │
│  │                │        │        │    │      │                  │ 1.3.2-… │
│  │ CVE-2026-24049 │ 0.4840 │ MEDIUM │ 7… │ 0.0… │ wheel            │ ✓       │
│  │                │        │        │    │      │                  │ 0.46.2  │
│  │ CVE-2026-27171 │ 0.4200 │ MEDIUM │ 5… │ 0.0… │ zlib             │ ✓       │
│  │                │        │        │    │      │                  │ 1.3.2-… │
│  │ CVE-2025-8869  │ 0.4121 │ MEDIUM │ 5… │ 0.0… │ pip              │ ✓ 25.3  │
└──┴────────────────┴────────┴────────┴────┴──────┴──────────────────┴─────────┘
╭───────────────────────────────── 📊 Summary ─────────────────────────────────╮
│ Total CVEs: 6                                                                │
│ Severity: {'MEDIUM': 5, 'LOW': 1}                                            │
│ Alert Reduction: 100.0% (CVSS critical/high: 3 → Composite critical/high: 0) │
╰──────────────────────────────────────────────────────────────────────────────╯
