[03/25/26 22:00:13] INFO                                                        
                             ╔══════════════════════════════════════════════════
                             ╗                                                  
                             ║  EPSS-Augmented CVE Prioritization Pipeline     ║
                             ╚══════════════════════════════════════════════════
                             ╝                                                  
                             Image: redis:7-alpine                              
                                                                                
                    INFO     ═══ Step 1/4: Scanning Image ═══                   
                    INFO     ✓ Trivy found at:                                  
                             /home/anuruprkris/.local/bin/trivy                 
                    INFO     🔍 Scanning image: redis:7-alpine                  
[03/25/26 22:00:29] INFO     ✓ Scan complete: 83 vulnerabilities found (C:4     
                             H:37)                                              
                    INFO     ═══ Step 2/4: EPSS Enrichment ═══                  
                    INFO     📡 Fetching EPSS scores: 83 CVEs (0 cached)        
[03/25/26 22:00:30] INFO     ✓ EPSS scores retrieved: 83 total (0 cached, 83    
                             from API)                                          
                    INFO     ═══ Step 3/4: Composite Scoring ═══                
                    INFO     ═══ Step 4/4: Ranking & Packaging ═══              
                    INFO     ✓ Pipeline complete! 83 CVEs scored and ranked     
                    INFO       Composite severity breakdown: {'HIGH': 2,        
                             'MEDIUM': 74, 'LOW': 7}                            
                    INFO       Alert fatigue reduction: 95.1%                   
                    INFO     📄 JSON report saved:                              
                             /home/anuruprkris/Project/EPSS/phase1_demo_reports/
                             epss_report_redis_7-alpine_20260325_220030.json    
  📄 JSON: 
/home/anuruprkris/Project/EPSS/phase1_demo_reports/epss_report_redis_7-alpine_20
260325_220030.json
                                                                                
                      🏆 Top 5 Prioritized Vulnerabilities                      
┏━━┳━━━━━━━━━━━━━━━━┳━━━━━━━━┳━━━━━━━━┳━━━━┳━━━━━━┳━━━━━━━━━━━━━━━━━━┳━━━━━━━━━┓
┃  ┃                ┃        ┃        ┃    ┃      ┃                  ┃ Fix     ┃
┃  ┃ CVE ID         ┃ Compo… ┃ Sever… ┃ C… ┃ EPSS ┃ Package          ┃ Availa… ┃
┡━━╇━━━━━━━━━━━━━━━━╇━━━━━━━━╇━━━━━━━━╇━━━━╇━━━━━━╇━━━━━━━━━━━━━━━━━━╇━━━━━━━━━┩
│  │ CVE-2023-45288 │ 0.7859 │ HIGH   │ 7… │ 0.7… │ stdlib           │ ✓       │
│  │                │        │        │    │      │                  │ 1.21.9, │
│  │                │        │        │    │      │                  │ 1.22.2  │
│  │ CVE-2025-68121 │ 0.6001 │ HIGH   │ 1… │ 0.0… │ stdlib           │ ✓       │
│  │                │        │        │    │      │                  │ 1.24.1… │
│  │                │        │        │    │      │                  │ 1.25.7, │
│  │                │        │        │    │      │                  │ 1.26.0… │
│  │ CVE-2023-24538 │ 0.5946 │ MEDIUM │ 9… │ 0.0… │ stdlib           │ ✓       │
│  │                │        │        │    │      │                  │ 1.19.8, │
│  │                │        │        │    │      │                  │ 1.20.3  │
│  │ CVE-2023-24540 │ 0.5930 │ MEDIUM │ 9… │ 0.0… │ stdlib           │ ✓       │
│  │                │        │        │    │      │                  │ 1.19.9, │
│  │                │        │        │    │      │                  │ 1.20.4  │
│  │ CVE-2024-24790 │ 0.5927 │ MEDIUM │ 9… │ 0.0… │ stdlib           │ ✓       │
│  │                │        │        │    │      │                  │ 1.21.1… │
│  │                │        │        │    │      │                  │ 1.22.4  │
└──┴────────────────┴────────┴────────┴────┴──────┴──────────────────┴─────────┘
╭───────────────────────────────── 📊 Summary ─────────────────────────────────╮
│ Total CVEs: 83                                                               │
│ Severity: {'HIGH': 2, 'MEDIUM': 74, 'LOW': 7}                                │
│ Alert Reduction: 95.1% (CVSS critical/high: 41 → Composite critical/high: 2) │
╰──────────────────────────────────────────────────────────────────────────────╯
