[03/25/26 21:57:24] INFO                                                        
                             ╔══════════════════════════════════════════════════
                             ╗                                                  
                             ║  EPSS-Augmented CVE Prioritization Pipeline     ║
                             ╚══════════════════════════════════════════════════
                             ╝                                                  
                             Image: ubuntu:20.04                                
                                                                                
                    INFO     ═══ Step 1/4: Scanning Image ═══                   
                    INFO     ✓ Trivy found at:                                  
                             /home/anuruprkris/.local/bin/trivy                 
                    INFO     🔍 Scanning image: ubuntu:20.04                    
[03/25/26 21:57:48] INFO     ✓ Scan complete: 2 vulnerabilities found (C:0 H:0) 
                    INFO     ═══ Step 2/4: EPSS Enrichment ═══                  
                    INFO     📡 Fetching EPSS scores: 2 CVEs (0 cached)         
                    INFO     ✓ EPSS scores retrieved: 1 total (0 cached, 1 from 
                             API)                                               
                    INFO     ═══ Step 3/4: Composite Scoring ═══                
                    INFO     ═══ Step 4/4: Ranking & Packaging ═══              
                    INFO     ✓ Pipeline complete! 2 CVEs scored and ranked      
                    INFO       Composite severity breakdown: {'MEDIUM': 2}      
                    INFO       Alert fatigue reduction: 0.0%                    
                    INFO     📄 JSON report saved:                              
                             /home/anuruprkris/Project/EPSS/phase1_demo_reports/
                             epss_report_ubuntu_20.04_20260325_215748.json      
  📄 JSON: 
/home/anuruprkris/Project/EPSS/phase1_demo_reports/epss_report_ubuntu_20.04_2026
0325_215748.json
                                                                                
                      🏆 Top 5 Prioritized Vulnerabilities                      
┏━━┳━━━━━━━━━━━━━━━━┳━━━━━━━━┳━━━━━━━━┳━━━━┳━━━━━━┳━━━━━━━━━━━━━━━━━━┳━━━━━━━━━┓
┃  ┃                ┃        ┃        ┃    ┃      ┃                  ┃ Fix     ┃
┃  ┃ CVE ID         ┃ Compo… ┃ Sever… ┃ C… ┃ EPSS ┃ Package          ┃ Availa… ┃
┡━━╇━━━━━━━━━━━━━━━━╇━━━━━━━━╇━━━━━━━━╇━━━━╇━━━━━━╇━━━━━━━━━━━━━━━━━━╇━━━━━━━━━┩
│  │ CVE-2025-4802  │ 0.4802 │ MEDIUM │ 7… │ 0.0… │ libc-bin         │ ✓       │
│  │                │        │        │    │      │                  │ 2.31-0… │
│  │ CVE-2025-4802  │ 0.4802 │ MEDIUM │ 7… │ 0.0… │ libc6            │ ✓       │
│  │                │        │        │    │      │                  │ 2.31-0… │
└──┴────────────────┴────────┴────────┴────┴──────┴──────────────────┴─────────┘
╭───────────────────────────────── 📊 Summary ─────────────────────────────────╮
│ Total CVEs: 2                                                                │
│ Severity: {'MEDIUM': 2}                                                      │
│ Alert Reduction: 0.0% (CVSS critical/high: 0 → Composite critical/high: 0)   │
╰──────────────────────────────────────────────────────────────────────────────╯
